<?xml version="1.0" encoding="UTF-8"?>
<testng-results ignored="0" total="1" passed="1" failed="0" skipped="0">
  <reporter-output>
  </reporter-output>
  <suite started-at="2019-05-03T04:01:30Z" name="Default suite" finished-at="2019-05-03T04:01:56Z" duration-ms="25779">
    <groups>
    </groups>
    <test started-at="2019-05-03T04:01:30Z" name="Default test" finished-at="2019-05-03T04:01:56Z" duration-ms="25779">
      <class name="com.learnautomation.com.learnautomation.selenium.VerifyPropertyAgent">
        <test-method is-config="true" signature="launchUrl()[pri:0, instance:com.learnautomation.com.learnautomation.selenium.VerifyPropertyAgent@72e5a8e]" started-at="2019-05-03T04:01:30Z" name="launchUrl" finished-at="2019-05-03T04:01:38Z" duration-ms="7798" status="PASS">
          <reporter-output>
          </reporter-output>
        </test-method> <!-- launchUrl -->
        <test-method signature="verifyProperty_()[pri:0, instance:com.learnautomation.com.learnautomation.selenium.VerifyPropertyAgent@72e5a8e]" started-at="2019-05-03T04:01:38Z" name="verifyProperty_" finished-at="2019-05-03T04:01:56Z" duration-ms="17959" status="PASS">
          <reporter-output>
          </reporter-output>
        </test-method> <!-- verifyProperty_ -->
      </class> <!-- com.learnautomation.com.learnautomation.selenium.VerifyPropertyAgent -->
    </test> <!-- Default test -->
  </suite> <!-- Default suite -->
</testng-results>
